
-----
Test: tests/test_buy_product.py::test_buy_product_1 (call)
Start time: 2024-07-17 08:06:14.394722
Start name method: authorization

End time: 2024-07-17 08:06:28.883146
End name method: authorization
URL: https://elmart-shop.ru/

-----

-----
Test: tests/test_buy_product.py::test_buy_product_1 (call)
Start time: 2024-07-17 08:06:28.883146
Start name method: select_product_1

End time: 2024-07-17 08:06:40.926231
End name method: select_product_1
URL: https://elmart-shop.ru/catalog/category/kofevarki?price-min=22765&price-max=105000

-----

-----
Test: tests/test_buy_product.py::test_buy_product_2 (call)
Start time: 2024-07-17 08:07:25.595836
Start name method: authorization

End time: 2024-07-17 08:07:58.805528
End name method: authorization
URL: https://elmart-shop.ru/

-----

-----
Test: tests/test_buy_product.py::test_buy_product_2 (call)
Start time: 2024-07-17 08:07:58.805528
Start name method: select_product_2

End time: 2024-07-17 08:08:21.962563
End name method: select_product_2
URL: https://elmart-shop.ru/catalog/category/roboty-pylesosy?price-min=16531&price-max=31781

-----
