
-----
Test: tests/test_buy_product.py::test_buy_product_1 (call)
Start time: 2024-07-18 13:50:20.567984
Start name method: authorization

End time: 2024-07-18 13:50:34.748791
End name method: authorization
URL: https://elmart-shop.ru/

-----

-----
Test: tests/test_buy_product.py::test_buy_product_1 (call)
Start time: 2024-07-18 13:50:34.748791
Start name method: select_product_1

End time: 2024-07-18 13:50:49.604476
End name method: select_product_1
URL: https://elmart-shop.ru/catalog/category/kofevarki?price-min=30325&price-max=105000

-----

-----
Test: tests/test_buy_product.py::test_buy_product_2 (call)
Start time: 2024-07-18 13:51:07.887042
Start name method: authorization

End time: 2024-07-18 13:51:24.637388
End name method: authorization
URL: https://elmart-shop.ru/

-----

-----
Test: tests/test_buy_product.py::test_buy_product_2 (call)
Start time: 2024-07-18 13:51:24.637388
Start name method: select_product_2

End time: 2024-07-18 13:51:40.929246
End name method: select_product_2
URL: https://elmart-shop.ru/catalog/category/roboty-pylesosy?price-min=16531&price-max=31781

-----
