
-----
Test: tests/test_buy_product.py::test_buy_product_1 (call)
Start time: 2024-07-18 09:46:22.020831
Start name method: authorization

End time: 2024-07-18 09:46:31.432149
End name method: authorization
URL: https://elmart-shop.ru/

-----

-----
Test: tests/test_buy_product.py::test_buy_product_1 (call)
Start time: 2024-07-18 09:46:31.432149
Start name method: select_product_1

End time: 2024-07-18 09:46:36.568219
End name method: select_product_1
URL: https://elmart-shop.ru/catalog/category/kofevarki?price-min=22765&price-max=105000

-----

-----
Test: tests/test_buy_product.py::test_buy_product_2 (call)
Start time: 2024-07-18 09:47:12.618301
Start name method: authorization

End time: 2024-07-18 09:47:42.088581
End name method: authorization
URL: https://elmart-shop.ru/

-----

-----
Test: tests/test_buy_product.py::test_buy_product_2 (call)
Start time: 2024-07-18 09:47:42.088581
Start name method: select_product_2

End time: 2024-07-18 09:48:08.585371
End name method: select_product_2
URL: https://elmart-shop.ru/catalog/category/roboty-pylesosy?price-min=16531&price-max=31781

-----
