
-----
Test: tests/test_buy_product.py::test_buy_product_1 (call)
Start time: 2024-07-18 12:55:21.939688
Start name method: authorization

End time: 2024-07-18 12:55:44.086734
End name method: authorization
URL: https://elmart-shop.ru/

-----

-----
Test: tests/test_buy_product.py::test_buy_product_1 (call)
Start time: 2024-07-18 12:55:44.086734
Start name method: select_product_1

End time: 2024-07-18 12:56:02.183390
End name method: select_product_1
URL: https://elmart-shop.ru/catalog/category/kofevarki?price-min=30325&price-max=105000

-----

-----
Test: tests/test_buy_product.py::test_buy_product_2 (call)
Start time: 2024-07-18 12:56:40.320187
Start name method: authorization

End time: 2024-07-18 12:57:04.556970
End name method: authorization
URL: https://elmart-shop.ru/

-----

-----
Test: tests/test_buy_product.py::test_buy_product_2 (call)
Start time: 2024-07-18 12:57:04.556970
Start name method: select_product_2

End time: 2024-07-18 12:57:28.753289
End name method: select_product_2
URL: https://elmart-shop.ru/catalog/category/roboty-pylesosy?price-min=16531&price-max=31781

-----
