
-----
Test: tests/test_buy_product.py::test_buy_product_1 (call)
Start time: 2024-07-18 10:06:13.746144
Start name method: authorization

End time: 2024-07-18 10:06:30.898120
End name method: authorization
URL: https://elmart-shop.ru/

-----

-----
Test: tests/test_buy_product.py::test_buy_product_1 (call)
Start time: 2024-07-18 10:06:31.556542
Start name method: select_product_1

End time: 2024-07-18 10:06:41.471083
End name method: select_product_1
URL: https://elmart-shop.ru/catalog/category/kofevarki?price-min=22765&price-max=105000

-----

-----
Test: tests/test_buy_product.py::test_buy_product_2 (call)
Start time: 2024-07-18 10:07:24.231165
Start name method: authorization

End time: 2024-07-18 10:07:38.377970
End name method: authorization
URL: https://elmart-shop.ru/

-----

-----
Test: tests/test_buy_product.py::test_buy_product_2 (call)
Start time: 2024-07-18 10:07:38.377970
Start name method: select_product_2

End time: 2024-07-18 10:08:01.452599
End name method: select_product_2
URL: https://elmart-shop.ru/catalog/category/roboty-pylesosy?price-min=16531&price-max=31781

-----
