
-----
Test: tests/test_buy_product.py::test_buy_product_1 (call)
Start time: 2024-07-24 16:23:49.735377
Start name method: authorization

End time: 2024-07-24 16:24:17.881986
End name method: authorization
URL: https://elmart-shop.ru/

-----

-----
Test: tests/test_buy_product.py::test_buy_product_1 (call)
Start time: 2024-07-24 16:24:17.882987
Start name method: select_product_1

End time: 2024-07-24 16:24:30.848728
End name method: select_product_1
URL: https://elmart-shop.ru/catalog/category/kofevarki?price-min=30325&price-max=105000

-----

-----
Test: tests/test_buy_product.py::test_buy_product_2 (call)
Start time: 2024-07-24 16:25:53.854476
Start name method: authorization


-----
Test: tests/test_buy_product.py::test_sel (call)
Start time: 2024-07-24 16:31:05.343292
Start name method: authorization

